<?xml version="1.0" encoding="UTF-8"?>
<!-- Generated by org.testng.reporters.JUnitReportReporter -->
<testsuite hostname="JAMOCHA30" failures="0" tests="1" name="UserRoles.UserRolesAddNewManagerDelete" time="38.744" errors="0" timestamp="2024-04-02T12:55:04 IST" skipped="0">
  <testcase classname="UserRoles.UserRolesAddNewManagerDelete" name="userRolesAddNewManagerDelete" time="38.744"/>
  <system-out/>
</testsuite> <!-- UserRoles.UserRolesAddNewManagerDelete -->
