<?xml version="1.0" encoding="UTF-8"?>
<!-- Generated by org.testng.reporters.JUnitReportReporter -->
<testsuite hostname="JAMOCHA30" failures="0" tests="1" name="UserRoles.UserRoleSorting" time="20.929" errors="0" timestamp="2024-04-02T12:55:04 IST" skipped="0">
  <testcase classname="UserRoles.UserRoleSorting" name="userRoleSorting" time="20.929"/>
  <system-out/>
</testsuite> <!-- UserRoles.UserRoleSorting -->
