<?xml version="1.0" encoding="UTF-8"?>
<!-- Generated by org.testng.reporters.JUnitReportReporter -->
<testsuite hostname="JAMOCHA64" failures="0" tests="1" name="MSSQLTest.SuperGroupInMSSQLAddModifyDeleteWithBulkUploadAndValidateOfflineReports.SuperGroupBulkUploadAddMSSQL" time="11.027" errors="0" timestamp="2024-04-05T12:04:32 IST" skipped="0">
  <testcase classname="MSSQLTest.SuperGroupInMSSQLAddModifyDeleteWithBulkUploadAndValidateOfflineReports.SuperGroupBulkUploadAddMSSQL" name="superGroupBulkUploadAddForMssql" time="11.027"/>
  <system-out/>
</testsuite> <!-- MSSQLTest.SuperGroupInMSSQLAddModifyDeleteWithBulkUploadAndValidateOfflineReports.SuperGroupBulkUploadAddMSSQL -->
