<?xml version="1.0" encoding="UTF-8"?>
<!-- Generated by org.testng.reporters.JUnitReportReporter -->
<testsuite hostname="JAMOCHA64" failures="0" tests="1" name="test.SuperGroupBulkUploadDelete" time="62.155" errors="0" timestamp="2023-11-29T10:41:16 IST" skipped="0">
  <testcase classname="test.SuperGroupBulkUploadDelete" name="superGroupBulkUploadModify" time="62.155"/>
  <system-out/>
</testsuite> <!-- test.SuperGroupBulkUploadDelete -->
