<?xml version="1.0" encoding="UTF-8"?>
<!-- Generated by org.testng.reporters.JUnitReportReporter -->
<testsuite hostname="JAMOCHA30" failures="0" tests="1" name="test.AssertOptimization.SoftwareDefinitionPdfExport" time="13.576" errors="0" timestamp="2024-04-10T14:35:44 IST" skipped="0">
  <testcase classname="test.AssertOptimization.SoftwareDefinitionPdfExport" name="softwareDefinitation" time="13.576"/>
  <system-out/>
</testsuite> <!-- test.AssertOptimization.SoftwareDefinitionPdfExport -->
