<?xml version="1.0" encoding="UTF-8"?>
<!-- Generated by org.testng.reporters.JUnitReportReporter -->
<testsuite hostname="JAMOCHA30" failures="0" tests="1" name="test.AOS.AOSUnknownApplicationAddingtoExistingProcessName" time="11.681" errors="0" timestamp="2024-04-05T10:13:37 IST" skipped="0">
  <testcase classname="test.AOS.AOSUnknownApplicationAddingtoExistingProcessName" name="aosUnknownApplicationAddingtoExistingProcessName" time="11.681"/>
  <system-out/>
</testsuite> <!-- test.AOS.AOSUnknownApplicationAddingtoExistingProcessName -->
