<?xml version="1.0" encoding="UTF-8"?>
<!-- Generated by org.testng.reporters.JUnitReportReporter -->
<testsuite hostname="JAMOCHA30" failures="0" tests="2" name="test.AOS.AOSUnknownApplicationAddingtoCreateNewProcessName" time="18.172" errors="0" timestamp="2024-04-05T10:13:37 IST" skipped="1">
  <testcase classname="test.AOS.AOSUnknownApplicationAddingtoCreateNewProcessName" name="aosUnknownApplicationAddingtoCreateNewProcessName" time="5.797">
    <skipped/>
  </testcase> <!-- aosUnknownApplicationAddingtoCreateNewProcessName -->
  <system-out/>
  <testcase classname="test.AOS.AOSUnknownApplicationAddingtoCreateNewProcessName" name="aosUnknownApplicationAddingtoCreateNewProcessName" time="12.375"/>
  <system-out/>
</testsuite> <!-- test.AOS.AOSUnknownApplicationAddingtoCreateNewProcessName -->
