<?xml version="1.0" encoding="UTF-8"?>
<!-- Generated by org.testng.reporters.JUnitReportReporter -->
<testsuite hostname="JAMOCHA30" failures="0" tests="2" name="test.DataAggregation.DataAggregationForAllType" time="23.307" errors="0" timestamp="2024-04-02T12:55:04 IST" skipped="1">
  <testcase classname="test.DataAggregation.DataAggregationForAllType" name="alltypeValidation" time="3.334">
    <skipped/>
  </testcase> <!-- alltypeValidation -->
  <system-out/>
  <testcase classname="test.DataAggregation.DataAggregationForAllType" name="alltypeValidation" time="19.973"/>
  <system-out/>
</testsuite> <!-- test.DataAggregation.DataAggregationForAllType -->
