<?xml version="1.0" encoding="UTF-8"?>
<!-- Generated by org.testng.reporters.JUnitReportReporter -->
<testsuite hostname="JAMOCHA30" failures="0" tests="2" name="test.AssertOptimization.SoftwareDefinitionForSoftwareTagsPdf" time="28.706" errors="0" timestamp="2024-04-10T14:35:44 IST" skipped="1">
  <testcase classname="test.AssertOptimization.SoftwareDefinitionForSoftwareTagsPdf" name="softwareDefinitationForSoftwareTagsCURD" time="12.943">
    <skipped/>
  </testcase> <!-- softwareDefinitationForSoftwareTagsCURD -->
  <system-out/>
  <testcase classname="test.AssertOptimization.SoftwareDefinitionForSoftwareTagsPdf" name="softwareDefinitationForSoftwareTagsCURD" time="15.763"/>
  <system-out/>
</testsuite> <!-- test.AssertOptimization.SoftwareDefinitionForSoftwareTagsPdf -->
