<?xml version="1.0" encoding="UTF-8"?>
<!-- Generated by org.testng.reporters.JUnitReportReporter -->
<testsuite hostname="JAMOCHA64" failures="0" tests="1" name="test.SuperGroupBulkUploadModify" time="17.933" errors="0" timestamp="2023-11-29T10:40:01 IST" skipped="0">
  <testcase classname="test.SuperGroupBulkUploadModify" name="superGroupBulkUploadModify" time="17.933"/>
  <system-out/>
</testsuite> <!-- test.SuperGroupBulkUploadModify -->
