<?xml version="1.0" encoding="UTF-8"?>
<!-- Generated by org.testng.reporters.JUnitReportReporter -->
<testsuite hostname="JAMOCHA30" failures="0" tests="1" name="UserRoles.UserRolesModifyManagerDontAllowUserToExportDataPDF2" time="39.483" errors="0" timestamp="2024-04-02T15:25:56 IST" skipped="0">
  <testcase classname="UserRoles.UserRolesModifyManagerDontAllowUserToExportDataPDF2" name="userRolesModifyManagerDontAllowUserToExportDataPDF2" time="39.483"/>
  <system-out/>
</testsuite> <!-- UserRoles.UserRolesModifyManagerDontAllowUserToExportDataPDF2 -->
