<?xml version="1.0" encoding="UTF-8"?>
<!-- Generated by org.testng.reporters.JUnitReportReporter -->
<testsuite hostname="JAMOCHA30" failures="0" tests="1" name="test.AssertOptimization.SoftwaredefinitionForActivityTagPresent" time="14.781" errors="0" timestamp="2024-04-04T17:56:04 IST" skipped="0">
  <testcase classname="test.AssertOptimization.SoftwaredefinitionForActivityTagPresent" name="softwareDefinitationForSoftwareTagsCURD" time="14.781"/>
  <system-out/>
</testsuite> <!-- test.AssertOptimization.SoftwaredefinitionForActivityTagPresent -->
