<?xml version="1.0" encoding="UTF-8"?>
<!-- Generated by org.testng.reporters.JUnitReportReporter -->
<testsuite hostname="JAMOCHA30" failures="0" tests="1" name="test.AssertOptimization.WorkStationExcelExport" time="12.008" errors="0" timestamp="2024-04-10T14:35:44 IST" skipped="0">
  <testcase classname="test.AssertOptimization.WorkStationExcelExport" name="workStationGroups" time="12.008"/>
  <system-out/>
</testsuite> <!-- test.AssertOptimization.WorkStationExcelExport -->
