<?xml version="1.0" encoding="UTF-8"?>
<!-- Generated by org.testng.reporters.JUnitReportReporter -->
<testsuite hostname="JAMOCHA64" failures="0" tests="1" name="test.SuperGroupBulkUploadAdd" time="17.646" errors="0" timestamp="2023-11-29T10:39:30 IST" skipped="0">
  <testcase classname="test.SuperGroupBulkUploadAdd" name="superGroupBulkUploadAdd" time="17.646"/>
  <system-out/>
</testsuite> <!-- test.SuperGroupBulkUploadAdd -->
