<?xml version="1.0" encoding="UTF-8"?>
<!-- Generated by org.testng.reporters.JUnitReportReporter -->
<testsuite hostname="JAMOCHA30" failures="0" tests="1" name="test.WorkProfile.WorkProfileValidateWithTeams" time="23.487" errors="0" timestamp="2024-04-02T12:55:04 IST" skipped="0">
  <testcase classname="test.WorkProfile.WorkProfileValidateWithTeams" name="cloneOnWorkProfiles" time="23.487"/>
  <system-out/>
</testsuite> <!-- test.WorkProfile.WorkProfileValidateWithTeams -->
