<?xml version="1.0" encoding="UTF-8"?>
<!-- Generated by org.testng.reporters.JUnitReportReporter -->
<testsuite hostname="JAMOCHA30" failures="0" tests="1" name="UserRoles.UserRolesModifyManagerEditActivityRating" time="40.788" errors="0" timestamp="2024-04-05T10:13:37 IST" skipped="0">
  <testcase classname="UserRoles.UserRolesModifyManagerEditActivityRating" name="userRolesModifyManagerEditActivityRating" time="40.788"/>
  <system-out/>
</testsuite> <!-- UserRoles.UserRolesModifyManagerEditActivityRating -->
