<?xml version="1.0" encoding="UTF-8"?>
<!-- Generated by org.testng.reporters.JUnitReportReporter -->
<testsuite hostname="JAMOCHA30" failures="0" tests="1" name="test.AssertOptimization.SoftwareDefinitionForSoftwareTagsPdf" time="16.786" errors="0" timestamp="2024-04-04T17:56:04 IST" skipped="0">
  <testcase classname="test.AssertOptimization.SoftwareDefinitionForSoftwareTagsPdf" name="softwareDefinitationForSoftwareTagsCURD" time="16.786"/>
  <system-out/>
</testsuite> <!-- test.AssertOptimization.SoftwareDefinitionForSoftwareTagsPdf -->
