<?xml version="1.0" encoding="UTF-8"?>
<!-- Generated by org.testng.reporters.JUnitReportReporter -->
<testsuite hostname="JAMOCHA30" failures="0" tests="2" name="test.AssertOptimization.SoftwareDefinitationClear" time="14.161" errors="0" timestamp="2024-04-04T17:56:05 IST" skipped="1">
  <testcase classname="test.AssertOptimization.SoftwareDefinitationClear" name="softwareDefinitationClear" time="1.705">
    <skipped/>
  </testcase> <!-- softwareDefinitationClear -->
  <system-out/>
  <testcase classname="test.AssertOptimization.SoftwareDefinitationClear" name="softwareDefinitationClear" time="12.456"/>
  <system-out/>
</testsuite> <!-- test.AssertOptimization.SoftwareDefinitationClear -->
