<?xml version="1.0" encoding="UTF-8"?>
<!-- Generated by org.testng.reporters.JUnitReportReporter -->
<testsuite hostname="JAMOCHA30" failures="0" tests="1" name="test.UserDomain.UserDomainPDFValidation" time="14.356" errors="0" timestamp="2024-04-02T12:55:04 IST" skipped="0">
  <testcase classname="test.UserDomain.UserDomainPDFValidation" name="pdf" time="14.356"/>
  <system-out/>
</testsuite> <!-- test.UserDomain.UserDomainPDFValidation -->
