<?xml version="1.0" encoding="UTF-8"?>
<!-- Generated by org.testng.reporters.JUnitReportReporter -->
<testsuite hostname="JAMOCHA30" failures="0" tests="1" name="UserRoles.UserRolesModifyMemberHierarchyLevel" time="12.477" errors="0" timestamp="2024-04-02T12:55:04 IST" skipped="0">
  <testcase classname="UserRoles.UserRolesModifyMemberHierarchyLevel" name="userRolesModifyMemberHierarchyLevel" time="12.477"/>
  <system-out/>
</testsuite> <!-- UserRoles.UserRolesModifyMemberHierarchyLevel -->
