<?xml version="1.0" encoding="UTF-8"?>
<!-- Generated by org.testng.reporters.JUnitReportReporter -->
<testsuite hostname="JAMOCHA30" failures="0" tests="1" name="UserRoles.UserRolesModifyManagerDontAllowUserToExportDataXLS" time="47.087" errors="0" timestamp="2024-04-02T16:24:29 IST" skipped="0">
  <testcase classname="UserRoles.UserRolesModifyManagerDontAllowUserToExportDataXLS" name="userRolesModifyManagerDontAllowUserToExportDataXLS" time="47.087"/>
  <system-out/>
</testsuite> <!-- UserRoles.UserRolesModifyManagerDontAllowUserToExportDataXLS -->
