<?xml version="1.0" encoding="UTF-8"?>
<!-- Generated by org.testng.reporters.JUnitReportReporter -->
<testsuite hostname="JAMOCHA30" failures="0" tests="1" name="UserRoles.UserRolesModifyManagerAllowUserToExportDataPDF" time="46.352" errors="0" timestamp="2024-04-02T15:24:02 IST" skipped="0">
  <testcase classname="UserRoles.UserRolesModifyManagerAllowUserToExportDataPDF" name="userRolesModifyManagerAllowUserToExportDataPDF" time="46.352"/>
  <system-out/>
</testsuite> <!-- UserRoles.UserRolesModifyManagerAllowUserToExportDataPDF -->
