<?xml version="1.0" encoding="UTF-8"?>
<!-- Generated by org.testng.reporters.JUnitReportReporter -->
<testsuite hostname="JAMOCHA64" failures="0" tests="2" name="MSSQLTest.UserGroupInMSSQLAddModifyDeleteWithBulkUploadAndValidateOfflineReports.UserGroupBulkUploadDeleteMSSQL" time="10.830" errors="0" timestamp="2024-04-05T12:17:00 IST" skipped="1">
  <testcase classname="MSSQLTest.UserGroupInMSSQLAddModifyDeleteWithBulkUploadAndValidateOfflineReports.UserGroupBulkUploadDeleteMSSQL" name="deleteUserGroupInMysql" time="10.057"/>
  <system-out/>
  <testcase classname="MSSQLTest.UserGroupInMSSQLAddModifyDeleteWithBulkUploadAndValidateOfflineReports.UserGroupBulkUploadDeleteMSSQL" name="deleteUserGroupInMysql" time="0.773">
    <skipped/>
  </testcase> <!-- deleteUserGroupInMysql -->
  <system-out/>
</testsuite> <!-- MSSQLTest.UserGroupInMSSQLAddModifyDeleteWithBulkUploadAndValidateOfflineReports.UserGroupBulkUploadDeleteMSSQL -->
