<?xml version="1.0" encoding="UTF-8"?>
<!-- Generated by org.testng.reporters.JUnitReportReporter -->
<testsuite hostname="JAMOCHA30" failures="0" tests="1" name="test.UserDomain.UserDomainModify" time="16.074" errors="0" timestamp="2024-04-05T10:13:37 IST" skipped="0">
  <testcase classname="test.UserDomain.UserDomainModify" name="modifyFunction" time="16.074"/>
  <system-out/>
</testsuite> <!-- test.UserDomain.UserDomainModify -->
