<?xml version="1.0" encoding="UTF-8"?>
<!-- Generated by org.testng.reporters.JUnitReportReporter -->
<testsuite hostname="JAMOCHA30" failures="0" tests="3" name="test.AOS.AOSModifyFunction" time="59.374" errors="0" timestamp="2024-04-05T10:13:37 IST" skipped="2">
  <testcase classname="test.AOS.AOSModifyFunction" name="a0sModifyFunction" time="21.682"/>
  <system-out/>
  <testcase classname="test.AOS.AOSModifyFunction" name="a0sModifyFunction" time="19.034">
    <skipped/>
  </testcase> <!-- a0sModifyFunction -->
  <system-out/>
  <testcase classname="test.AOS.AOSModifyFunction" name="a0sModifyFunction" time="18.658">
    <skipped/>
  </testcase> <!-- a0sModifyFunction -->
  <system-out/>
</testsuite> <!-- test.AOS.AOSModifyFunction -->
