<?xml version="1.0" encoding="UTF-8"?>
<!-- Generated by org.testng.reporters.JUnitReportReporter -->
<testsuite hostname="JAMOCHA30" failures="0" tests="2" name="test.AssertOptimization.SoftwareDefinitationForSoftwareTagsWithMissingSoftwareTag" time="16.035" errors="0" timestamp="2024-04-04T17:56:05 IST" skipped="1">
  <testcase classname="test.AssertOptimization.SoftwareDefinitationForSoftwareTagsWithMissingSoftwareTag" name="softwareDefinitationForSoftwareTagsCURD" time="14.528"/>
  <system-out/>
  <testcase classname="test.AssertOptimization.SoftwareDefinitationForSoftwareTagsWithMissingSoftwareTag" name="softwareDefinitationForSoftwareTagsCURD" time="1.507">
    <skipped/>
  </testcase> <!-- softwareDefinitationForSoftwareTagsCURD -->
  <system-out/>
</testsuite> <!-- test.AssertOptimization.SoftwareDefinitationForSoftwareTagsWithMissingSoftwareTag -->
