<?xml version="1.0" encoding="UTF-8"?>
<!-- Generated by org.testng.reporters.JUnitReportReporter -->
<testsuite hostname="JAMOCHA30" failures="0" tests="1" name="test.WorkProfile.WorkProfileForModification" time="16.893" errors="0" timestamp="2024-04-05T10:13:37 IST" skipped="0">
  <testcase classname="test.WorkProfile.WorkProfileForModification" name="modificationOnWorkProfiles" time="16.893"/>
  <system-out/>
</testsuite> <!-- test.WorkProfile.WorkProfileForModification -->
