<?xml version="1.0" encoding="UTF-8"?>
<!-- Generated by org.testng.reporters.JUnitReportReporter -->
<testsuite hostname="JAMOCHA64" failures="0" tests="1" name="test.UserGroupBulkUploadDeleteMysql" time="9.404" errors="0" timestamp="2023-12-05T09:33:53 IST" skipped="0">
  <testcase classname="test.UserGroupBulkUploadDeleteMysql" name="deleteUserGroupInMysql" time="9.404"/>
  <system-out/>
</testsuite> <!-- test.UserGroupBulkUploadDeleteMysql -->
