<?xml version="1.0" encoding="UTF-8"?>
<!-- Generated by org.testng.reporters.JUnitReportReporter -->
<testsuite hostname="JAMOCHA30" failures="0" tests="1" name="test.WorkFlow.CustomAttributeBulkUpload" time="26.924" errors="0" timestamp="2024-04-10T13:07:06 IST" skipped="0">
  <testcase classname="test.WorkFlow.CustomAttributeBulkUpload" name="customAttributeBulkUpload" time="26.924"/>
  <system-out/>
</testsuite> <!-- test.WorkFlow.CustomAttributeBulkUpload -->
