<?xml version="1.0" encoding="UTF-8"?>
<!-- Generated by org.testng.reporters.JUnitReportReporter -->
<testsuite hostname="JAMOCHA64" failures="0" tests="1" name="test.ActivityTagAddModifyDelete" time="19.782" errors="0" timestamp="2023-11-24T15:17:43 IST" skipped="0">
  <testcase classname="test.ActivityTagAddModifyDelete" name="activityTagsBulkUploadDelete" time="19.782"/>
  <system-out/>
</testsuite> <!-- test.ActivityTagAddModifyDelete -->
