<?xml version="1.0" encoding="UTF-8"?>
<!-- Generated by org.testng.reporters.JUnitReportReporter -->
<testsuite hostname="JAMOCHA30" failures="0" tests="1" name="UserRoles.UserRolePDFValidation" time="20.363" errors="0" timestamp="2024-04-05T10:13:37 IST" skipped="0">
  <testcase classname="UserRoles.UserRolePDFValidation" name="userRolePDFValidation" time="20.363"/>
  <system-out/>
</testsuite> <!-- UserRoles.UserRolePDFValidation -->
