<?xml version="1.0" encoding="UTF-8"?>
<!-- Generated by org.testng.reporters.JUnitReportReporter -->
<testsuite hostname="JAMOCHA30" failures="0" tests="2" name="test.DataAggregation.DataAggregationForModificationOnSettingsTabForClearButton" time="28.166" errors="0" timestamp="2024-04-05T10:13:37 IST" skipped="1">
  <testcase classname="test.DataAggregation.DataAggregationForModificationOnSettingsTabForClearButton" name="modificationOnSettingsTabForClearButton" time="6.162"/>
  <system-out/>
  <testcase classname="test.DataAggregation.DataAggregationForModificationOnSettingsTabForClearButton" name="modificationOnSettingsTabForClearButton" time="22.004">
    <skipped/>
  </testcase> <!-- modificationOnSettingsTabForClearButton -->
  <system-out/>
</testsuite> <!-- test.DataAggregation.DataAggregationForModificationOnSettingsTabForClearButton -->
