<?xml version="1.0" encoding="UTF-8"?>
<!-- Generated by org.testng.reporters.JUnitReportReporter -->
<testsuite hostname="JAMOCHA30" failures="0" tests="1" name="test.WorkProfile.WorkProfileForDelete" time="14.446" errors="0" timestamp="2024-04-02T12:55:05 IST" skipped="0">
  <testcase classname="test.WorkProfile.WorkProfileForDelete" name="deletionOnWorkProfiles" time="14.446"/>
  <system-out/>
</testsuite> <!-- test.WorkProfile.WorkProfileForDelete -->
