<?xml version="1.0" encoding="UTF-8"?>
<!-- Generated by org.testng.reporters.JUnitReportReporter -->
<testsuite hostname="JAMOCHA30" failures="0" tests="1" name="test.WorkFlow.CustomAttributeWithModifyFieldType" time="19.599" errors="0" timestamp="2024-04-04T17:49:40 IST" skipped="0">
  <testcase classname="test.WorkFlow.CustomAttributeWithModifyFieldType" name="customAttributeWithModifyFieldType" time="19.599"/>
  <system-out/>
</testsuite> <!-- test.WorkFlow.CustomAttributeWithModifyFieldType -->
