<?xml version="1.0" encoding="UTF-8"?>
<!-- Generated by org.testng.reporters.JUnitReportReporter -->
<testsuite hostname="JAMOCHA30" failures="0" tests="2" name="test.WorkProfile.WorkProfilesDeleteWithDependency" time="91.054" errors="0" timestamp="2024-04-02T12:55:05 IST" skipped="1">
  <testcase classname="test.WorkProfile.WorkProfilesDeleteWithDependency" name="cloneOnWorkProfiles" time="74.529">
    <skipped/>
  </testcase> <!-- cloneOnWorkProfiles -->
  <system-out/>
  <testcase classname="test.WorkProfile.WorkProfilesDeleteWithDependency" name="cloneOnWorkProfiles" time="16.525"/>
  <system-out/>
</testsuite> <!-- test.WorkProfile.WorkProfilesDeleteWithDependency -->
