<?xml version="1.0" encoding="UTF-8"?>
<!-- Generated by org.testng.reporters.JUnitReportReporter -->
<testsuite hostname="JAMOCHA30" failures="0" tests="1" name="test.AssertOptimization.SoftwareDefinitationForSoftwareTagsClear" time="11.918" errors="0" timestamp="2024-04-04T17:56:05 IST" skipped="0">
  <testcase classname="test.AssertOptimization.SoftwareDefinitationForSoftwareTagsClear" name="softwareDefinitationForSoftwareTagsCURD" time="11.918"/>
  <system-out/>
</testsuite> <!-- test.AssertOptimization.SoftwareDefinitationForSoftwareTagsClear -->
