<?xml version="1.0" encoding="UTF-8"?>
<!-- Generated by org.testng.reporters.JUnitReportReporter -->
<testsuite hostname="JAMOCHA30" failures="0" tests="1" name="test.AssertOptimization.SoftwareDefinitationExcelExport" time="13.779" errors="0" timestamp="2024-04-04T17:56:05 IST" skipped="0">
  <testcase classname="test.AssertOptimization.SoftwareDefinitationExcelExport" name="softwareDefinitation" time="13.779"/>
  <system-out/>
</testsuite> <!-- test.AssertOptimization.SoftwareDefinitationExcelExport -->
