<?xml version="1.0" encoding="UTF-8"?>
<!-- Generated by org.testng.reporters.JUnitReportReporter -->
<testsuite hostname="JAMOCHA30" failures="0" tests="1" name="UserRoles.UserRolesModifyManagerAllowUserToExportDataXLS" time="60.648" errors="0" timestamp="2024-04-02T16:38:18 IST" skipped="0">
  <testcase classname="UserRoles.UserRolesModifyManagerAllowUserToExportDataXLS" name="userRolesModifyManagerAllowUserToExportDataXLS" time="60.648"/>
  <system-out/>
</testsuite> <!-- UserRoles.UserRolesModifyManagerAllowUserToExportDataXLS -->
