<?xml version="1.0" encoding="UTF-8"?>
<!-- Generated by org.testng.reporters.JUnitReportReporter -->
<testsuite hostname="JAMOCHA30" failures="0" tests="3" name="test.WorkProfile.WorkProfileForAddingNew" time="151.700" errors="0" timestamp="2024-04-05T10:13:37 IST" skipped="2">
  <testcase classname="test.WorkProfile.WorkProfileForAddingNew" name="AddingNewWorkProfiles" time="68.247">
    <skipped/>
  </testcase> <!-- AddingNewWorkProfiles -->
  <system-out/>
  <testcase classname="test.WorkProfile.WorkProfileForAddingNew" name="AddingNewWorkProfiles" time="67.069">
    <skipped/>
  </testcase> <!-- AddingNewWorkProfiles -->
  <system-out/>
  <testcase classname="test.WorkProfile.WorkProfileForAddingNew" name="AddingNewWorkProfiles" time="16.384"/>
  <system-out/>
</testsuite> <!-- test.WorkProfile.WorkProfileForAddingNew -->
