<?xml version="1.0" encoding="UTF-8"?>
<!-- Generated by org.testng.reporters.JUnitReportReporter -->
<testsuite hostname="JAMOCHA64" failures="0" tests="1" name="MSSQLTest.SuperGroupInMSSQLAddModifyDeleteWithBulkUploadAndValidateOfflineReports.ExcelDataValidationForSuperGroupTableForMSSQL" time="7.550" errors="0" timestamp="2024-04-05T12:04:32 IST" skipped="0">
  <testcase classname="MSSQLTest.SuperGroupInMSSQLAddModifyDeleteWithBulkUploadAndValidateOfflineReports.ExcelDataValidationForSuperGroupTableForMSSQL" name="excelValidationSuperGroupInMSSQL" time="7.550"/>
  <system-out/>
</testsuite> <!-- MSSQLTest.SuperGroupInMSSQLAddModifyDeleteWithBulkUploadAndValidateOfflineReports.ExcelDataValidationForSuperGroupTableForMSSQL -->
