<?xml version="1.0" encoding="UTF-8"?>
<!-- Generated by org.testng.reporters.JUnitReportReporter -->
<testsuite hostname="JAMOCHA30" failures="0" tests="1" name="test.WorkFlow.CustomAttributeWithDuplicateName" time="17.243" errors="0" timestamp="2024-04-10T13:05:32 IST" skipped="0">
  <testcase classname="test.WorkFlow.CustomAttributeWithDuplicateName" name="customAttributeWithDuplicateName" time="17.243"/>
  <system-out/>
</testsuite> <!-- test.WorkFlow.CustomAttributeWithDuplicateName -->
