<?xml version="1.0" encoding="UTF-8"?>
<!-- Generated by org.testng.reporters.JUnitReportReporter -->
<testsuite hostname="JAMOCHA30" failures="0" tests="1" name="UserRoles.UserRolesAddNewMemberDelete" time="86.905" errors="0" timestamp="2024-04-05T10:13:36 IST" skipped="0">
  <testcase classname="UserRoles.UserRolesAddNewMemberDelete" name="userRolesAddNewMemberDelete" time="86.905"/>
  <system-out/>
</testsuite> <!-- UserRoles.UserRolesAddNewMemberDelete -->
