<?xml version="1.0" encoding="UTF-8"?>
<!-- Generated by org.testng.reporters.JUnitReportReporter -->
<testsuite hostname="JAMOCHA30" failures="0" tests="1" name="UserRoles.UserRolesModifyManagerToMeber" time="46.680" errors="0" timestamp="2024-04-02T12:55:04 IST" skipped="0">
  <testcase classname="UserRoles.UserRolesModifyManagerToMeber" name="userRolesModifyManagerToMeber" time="46.680"/>
  <system-out/>
</testsuite> <!-- UserRoles.UserRolesModifyManagerToMeber -->
