<?xml version="1.0" encoding="UTF-8"?>
<!-- Generated by org.testng.reporters.JUnitReportReporter -->
<testsuite hostname="JAMOCHA30" failures="0" tests="2" name="test.AssertOptimization.SoftwareDefinitionActivityTagEnableInSoftwareTagPage" time="13.741" errors="0" timestamp="2024-04-04T17:56:05 IST" skipped="1">
  <testcase classname="test.AssertOptimization.SoftwareDefinitionActivityTagEnableInSoftwareTagPage" name="softwareDefinitionActivityTagEnableInSoftwareTagPage" time="12.097"/>
  <system-out/>
  <testcase classname="test.AssertOptimization.SoftwareDefinitionActivityTagEnableInSoftwareTagPage" name="softwareDefinitionActivityTagEnableInSoftwareTagPage" time="1.644">
    <skipped/>
  </testcase> <!-- softwareDefinitionActivityTagEnableInSoftwareTagPage -->
  <system-out/>
</testsuite> <!-- test.AssertOptimization.SoftwareDefinitionActivityTagEnableInSoftwareTagPage -->
