<?xml version="1.0" encoding="UTF-8"?>
<!-- Generated by org.testng.reporters.JUnitReportReporter -->
<testsuite hostname="JAMOCHA30" failures="0" tests="1" name="test.DataAggregation.DataAggregation" time="25.452" errors="0" timestamp="2024-04-02T12:55:04 IST" skipped="0">
  <testcase classname="test.DataAggregation.DataAggregation" name="aggregationForSingleType" time="25.452"/>
  <system-out/>
</testsuite> <!-- test.DataAggregation.DataAggregation -->
