<?xml version="1.0" encoding="UTF-8"?>
<!-- Generated by org.testng.reporters.JUnitReportReporter -->
<testsuite hostname="JAMOCHA64" failures="0" tests="1" name="test.ActivityTagsBulkUploadValidatePrefilldData" time="13.183" errors="0" timestamp="2023-12-04T10:31:18 IST" skipped="0">
  <testcase classname="test.ActivityTagsBulkUploadValidatePrefilldData" name="activityTagsBulkUploadValidatePrefilldData" time="13.183"/>
  <system-out/>
</testsuite> <!-- test.ActivityTagsBulkUploadValidatePrefilldData -->
