<?xml version="1.0" encoding="UTF-8"?>
<!-- Generated by org.testng.reporters.JUnitReportReporter -->
<testsuite hostname="JAMOCHA30" failures="0" tests="1" name="test.UserDomain.UserDomainExcelValidation" time="15.006" errors="0" timestamp="2024-04-05T10:13:36 IST" skipped="0">
  <testcase classname="test.UserDomain.UserDomainExcelValidation" name="excelValidation" time="15.006"/>
  <system-out/>
</testsuite> <!-- test.UserDomain.UserDomainExcelValidation -->
