<?xml version="1.0" encoding="UTF-8"?>
<!-- Generated by org.testng.reporters.JUnitReportReporter -->
<testsuite hostname="JAMOCHA64" failures="0" tests="1" name="MSSQLTest.UserGroupInMSSQLAddModifyDeleteWithBulkUploadAndValidateOfflineReports.DeleteUserGroupInMSSQL" time="23.355" errors="0" timestamp="2024-04-05T12:17:00 IST" skipped="0">
  <testcase classname="MSSQLTest.UserGroupInMSSQLAddModifyDeleteWithBulkUploadAndValidateOfflineReports.DeleteUserGroupInMSSQL" name="deleteUserGroupInMysql" time="23.355"/>
  <system-out/>
</testsuite> <!-- MSSQLTest.UserGroupInMSSQLAddModifyDeleteWithBulkUploadAndValidateOfflineReports.DeleteUserGroupInMSSQL -->
