<?xml version="1.0" encoding="UTF-8"?>
<!-- Generated by org.testng.reporters.JUnitReportReporter -->
<testsuite hostname="JAMOCHA30" failures="0" tests="1" name="test.UserDomain.UserDomainDeleteFunction" time="19.424" errors="0" timestamp="2024-04-05T10:13:37 IST" skipped="0">
  <testcase classname="test.UserDomain.UserDomainDeleteFunction" name="deleteNewFunction" time="19.424"/>
  <system-out/>
</testsuite> <!-- test.UserDomain.UserDomainDeleteFunction -->
