<?xml version="1.0" encoding="UTF-8"?>
<!-- Generated by org.testng.reporters.JUnitReportReporter -->
<testsuite hostname="JAMOCHA64" failures="0" tests="1" name="MSSQLTest.SuperGroupInMSSQLAddModifyDeleteWithBulkUploadAndValidateOfflineReports.AddSuperGroupInMSSQL" time="22.978" errors="0" timestamp="2024-04-05T12:04:32 IST" skipped="0">
  <testcase classname="MSSQLTest.SuperGroupInMSSQLAddModifyDeleteWithBulkUploadAndValidateOfflineReports.AddSuperGroupInMSSQL" name="addSuperGroupInMSSQL" time="22.978"/>
  <system-out/>
</testsuite> <!-- MSSQLTest.SuperGroupInMSSQLAddModifyDeleteWithBulkUploadAndValidateOfflineReports.AddSuperGroupInMSSQL -->
