<?xml version="1.0" encoding="UTF-8"?>
<!-- Generated by org.testng.reporters.JUnitReportReporter -->
<testsuite hostname="JAMOCHA30" failures="0" tests="1" name="UserRoles.UserRolesModifyManagerModuleSelection" time="25.262" errors="0" timestamp="2024-04-02T12:55:04 IST" skipped="0">
  <testcase classname="UserRoles.UserRolesModifyManagerModuleSelection" name="userRolesModifyManagerModuleSelection" time="25.262"/>
  <system-out/>
</testsuite> <!-- UserRoles.UserRolesModifyManagerModuleSelection -->
