<?xml version="1.0" encoding="UTF-8"?>
<!-- Generated by org.testng.reporters.JUnitReportReporter -->
<testsuite hostname="JAMOCHA30" failures="0" tests="1" name="test.WorkFlow.CustomAttributeWithFilterbyProcess" time="20.790" errors="0" timestamp="2024-04-04T17:49:40 IST" skipped="0">
  <testcase classname="test.WorkFlow.CustomAttributeWithFilterbyProcess" name="customAttributeWithDuplicateName" time="20.790"/>
  <system-out/>
</testsuite> <!-- test.WorkFlow.CustomAttributeWithFilterbyProcess -->
