<?xml version="1.0" encoding="UTF-8"?>
<!-- Generated by org.testng.reporters.JUnitReportReporter -->
<testsuite hostname="JAMOCHA30" failures="0" tests="1" name="UserRoles.UserRolesAddNewMemberDelete" time="30.185" errors="0" timestamp="2024-04-02T12:55:04 IST" skipped="0">
  <testcase classname="UserRoles.UserRolesAddNewMemberDelete" name="userRolesAddNewMemberDelete" time="30.185"/>
  <system-out/>
</testsuite> <!-- UserRoles.UserRolesAddNewMemberDelete -->
