<?xml version="1.0" encoding="UTF-8"?>
<!-- Generated by org.testng.reporters.JUnitReportReporter -->
<testsuite hostname="JAMOCHA30" failures="0" tests="1" name="UserRoles.UserRolesModifyManagerModuleSelection" time="32.521" errors="0" timestamp="2024-04-05T10:13:37 IST" skipped="0">
  <testcase classname="UserRoles.UserRolesModifyManagerModuleSelection" name="userRolesModifyManagerModuleSelection" time="32.521"/>
  <system-out/>
</testsuite> <!-- UserRoles.UserRolesModifyManagerModuleSelection -->
