<?xml version="1.0" encoding="UTF-8"?>
<!-- Generated by org.testng.reporters.JUnitReportReporter -->
<testsuite hostname="JAMOCHA64" failures="0" tests="1" name="MSSQLTest.SuperGroupInMSSQLAddModifyDeleteWithBulkUploadAndValidateOfflineReports.SuperGroupBulkUploadModifyMSSQL" time="8.399" errors="0" timestamp="2024-04-05T12:04:32 IST" skipped="0">
  <testcase classname="MSSQLTest.SuperGroupInMSSQLAddModifyDeleteWithBulkUploadAndValidateOfflineReports.SuperGroupBulkUploadModifyMSSQL" name="superGroupBulkUploadModifyForMssql" time="8.399"/>
  <system-out/>
</testsuite> <!-- MSSQLTest.SuperGroupInMSSQLAddModifyDeleteWithBulkUploadAndValidateOfflineReports.SuperGroupBulkUploadModifyMSSQL -->
