<?xml version="1.0" encoding="UTF-8"?>
<!-- Generated by org.testng.reporters.JUnitReportReporter -->
<testsuite hostname="JAMOCHA30" failures="0" tests="3" name="test.WorkProfile.WorkProfileForDelete" time="49.386" errors="0" timestamp="2024-04-05T10:13:36 IST" skipped="2">
  <testcase classname="test.WorkProfile.WorkProfileForDelete" name="deletionOnWorkProfiles" time="15.455"/>
  <system-out/>
  <testcase classname="test.WorkProfile.WorkProfileForDelete" name="deletionOnWorkProfiles" time="16.111">
    <skipped/>
  </testcase> <!-- deletionOnWorkProfiles -->
  <system-out/>
  <testcase classname="test.WorkProfile.WorkProfileForDelete" name="deletionOnWorkProfiles" time="17.820">
    <skipped/>
  </testcase> <!-- deletionOnWorkProfiles -->
  <system-out/>
</testsuite> <!-- test.WorkProfile.WorkProfileForDelete -->
