<?xml version="1.0" encoding="UTF-8"?>
<!-- Generated by org.testng.reporters.JUnitReportReporter -->
<testsuite hostname="JAMOCHA30" failures="0" tests="2" name="UserRoles.UserRolesAddNewManagerDelete" time="72.989" errors="0" timestamp="2024-04-05T10:13:37 IST" skipped="1">
  <testcase classname="UserRoles.UserRolesAddNewManagerDelete" name="userRolesAddNewManagerDelete" time="5.527">
    <skipped/>
  </testcase> <!-- userRolesAddNewManagerDelete -->
  <system-out/>
  <testcase classname="UserRoles.UserRolesAddNewManagerDelete" name="userRolesAddNewManagerDelete" time="67.462"/>
  <system-out/>
</testsuite> <!-- UserRoles.UserRolesAddNewManagerDelete -->
