<?xml version="1.0" encoding="UTF-8"?>
<!-- Generated by org.testng.reporters.JUnitReportReporter -->
<testsuite hostname="JAMOCHA30" failures="0" tests="2" name="UserRoles.UserRolesModifyManagerEditActivityRating" time="72.344" errors="0" timestamp="2024-04-02T12:55:05 IST" skipped="1">
  <testcase classname="UserRoles.UserRolesModifyManagerEditActivityRating" name="userRolesModifyManagerEditActivityRating" time="31.269"/>
  <system-out/>
  <testcase classname="UserRoles.UserRolesModifyManagerEditActivityRating" name="userRolesModifyManagerEditActivityRating" time="41.075">
    <skipped/>
  </testcase> <!-- userRolesModifyManagerEditActivityRating -->
  <system-out/>
</testsuite> <!-- UserRoles.UserRolesModifyManagerEditActivityRating -->
