<?xml version="1.0" encoding="UTF-8"?>
<!-- Generated by org.testng.reporters.JUnitReportReporter -->
<testsuite hostname="JAMOCHA64" failures="0" tests="1" name="test.UserGroupBulkUploadModifyMysql" time="9.371" errors="0" timestamp="2023-12-05T09:33:53 IST" skipped="0">
  <testcase classname="test.UserGroupBulkUploadModifyMysql" name="modifyUserGroupInMysql" time="9.371"/>
  <system-out/>
</testsuite> <!-- test.UserGroupBulkUploadModifyMysql -->
