<?xml version="1.0" encoding="UTF-8"?>
<!-- Generated by org.testng.reporters.JUnitReportReporter -->
<testsuite hostname="JAMOCHA30" failures="0" tests="1" name="test.AssertOptimization.SoftwareDefinitionForSoftwareTagsExcelexport" time="11.176" errors="0" timestamp="2024-04-10T14:35:44 IST" skipped="0">
  <testcase classname="test.AssertOptimization.SoftwareDefinitionForSoftwareTagsExcelexport" name="softwareDefinitationForSoftwareTagsCURD" time="11.176"/>
  <system-out/>
</testsuite> <!-- test.AssertOptimization.SoftwareDefinitionForSoftwareTagsExcelexport -->
