<?xml version="1.0" encoding="UTF-8"?>
<!-- Generated by org.testng.reporters.JUnitReportReporter -->
<testsuite hostname="JAMOCHA30" failures="0" tests="2" name="test.AOS.AOSBulkUploadModify" time="47.380" errors="0" timestamp="2024-04-02T12:55:04 IST" skipped="1">
  <testcase classname="test.AOS.AOSBulkUploadModify" name="aosBulkUploadModify" time="19.297">
    <skipped/>
  </testcase> <!-- aosBulkUploadModify -->
  <system-out/>
  <testcase classname="test.AOS.AOSBulkUploadModify" name="aosBulkUploadModify" time="28.083"/>
  <system-out/>
</testsuite> <!-- test.AOS.AOSBulkUploadModify -->
