<?xml version="1.0" encoding="UTF-8"?>
<!-- Generated by org.testng.reporters.JUnitReportReporter -->
<testsuite hostname="JAMOCHA30" failures="0" tests="2" name="test.AOS.AOSModifyFunction" time="50.619" errors="0" timestamp="2024-04-02T12:55:04 IST" skipped="1">
  <testcase classname="test.AOS.AOSModifyFunction" name="a0sModifyFunction" time="26.279">
    <skipped/>
  </testcase> <!-- a0sModifyFunction -->
  <system-out/>
  <testcase classname="test.AOS.AOSModifyFunction" name="a0sModifyFunction" time="24.340"/>
  <system-out/>
</testsuite> <!-- test.AOS.AOSModifyFunction -->
