<?xml version="1.0" encoding="UTF-8"?>
<!-- Generated by org.testng.reporters.JUnitReportReporter -->
<testsuite hostname="JAMOCHA30" failures="0" tests="1" name="test.AssertOptimization.WorkStationGroupsCURD" time="23.368" errors="0" timestamp="2024-04-04T17:56:04 IST" skipped="0">
  <testcase classname="test.AssertOptimization.WorkStationGroupsCURD" name="workStationGroups" time="23.368"/>
  <system-out/>
</testsuite> <!-- test.AssertOptimization.WorkStationGroupsCURD -->
