<?xml version="1.0" encoding="UTF-8"?>
<!-- Generated by org.testng.reporters.JUnitReportReporter -->
<testsuite hostname="JAMOCHA30" failures="0" tests="2" name="UserRoles.UserRolesModifyManagerDontAllowUserToExportDataXLS" time="69.913" errors="0" timestamp="2024-04-05T10:13:37 IST" skipped="1">
  <testcase classname="UserRoles.UserRolesModifyManagerDontAllowUserToExportDataXLS" name="userRolesModifyManagerDontAllowUserToExportDataXLS" time="30.775"/>
  <system-out/>
  <testcase classname="UserRoles.UserRolesModifyManagerDontAllowUserToExportDataXLS" name="userRolesModifyManagerDontAllowUserToExportDataXLS" time="39.138">
    <skipped/>
  </testcase> <!-- userRolesModifyManagerDontAllowUserToExportDataXLS -->
  <system-out/>
</testsuite> <!-- UserRoles.UserRolesModifyManagerDontAllowUserToExportDataXLS -->
