<?xml version="1.0" encoding="UTF-8"?>
<!-- Generated by org.testng.reporters.JUnitReportReporter -->
<testsuite hostname="JAMOCHA30" failures="0" tests="1" name="test.WorkProfile.WorkProfilesDeleteWithDependency" time="15.250" errors="0" timestamp="2024-04-05T10:13:37 IST" skipped="0">
  <testcase classname="test.WorkProfile.WorkProfilesDeleteWithDependency" name="cloneOnWorkProfiles" time="15.250"/>
  <system-out/>
</testsuite> <!-- test.WorkProfile.WorkProfilesDeleteWithDependency -->
