<?xml version="1.0" encoding="UTF-8"?>
<!-- Generated by org.testng.reporters.JUnitReportReporter -->
<testsuite hostname="JAMOCHA30" failures="0" tests="1" name="test.WorkProfile.WorkProfileForModification" time="13.697" errors="0" timestamp="2024-04-02T12:55:04 IST" skipped="0">
  <testcase classname="test.WorkProfile.WorkProfileForModification" name="modificationOnWorkProfiles" time="13.697"/>
  <system-out/>
</testsuite> <!-- test.WorkProfile.WorkProfileForModification -->
