<?xml version="1.0" encoding="UTF-8"?>
<!-- Generated by org.testng.reporters.JUnitReportReporter -->
<testsuite hostname="JAMOCHA30" failures="0" tests="2" name="test.AOS.AOSUnknownApplicationAddingtoExistingQualifierText" time="58.638" errors="0" timestamp="2024-04-05T10:13:37 IST" skipped="1">
  <testcase classname="test.AOS.AOSUnknownApplicationAddingtoExistingQualifierText" name="aosUnknownApplicationAddingtoExistingQualifierText" time="11.375"/>
  <system-out/>
  <testcase classname="test.AOS.AOSUnknownApplicationAddingtoExistingQualifierText" name="aosUnknownApplicationAddingtoExistingQualifierText" time="47.263">
    <skipped/>
  </testcase> <!-- aosUnknownApplicationAddingtoExistingQualifierText -->
  <system-out/>
</testsuite> <!-- test.AOS.AOSUnknownApplicationAddingtoExistingQualifierText -->
