<?xml version="1.0" encoding="UTF-8"?>
<!-- Generated by org.testng.reporters.JUnitReportReporter -->
<testsuite hostname="JAMOCHA64" failures="0" tests="1" name="test.AddUserGroupInMysql" time="10.641" errors="0" timestamp="2023-12-05T09:33:53 IST" skipped="0">
  <testcase classname="test.AddUserGroupInMysql" name="addUserGroupInMysql" time="10.641"/>
  <system-out/>
</testsuite> <!-- test.AddUserGroupInMysql -->
