<?xml version="1.0" encoding="UTF-8"?>
<!-- Generated by org.testng.reporters.JUnitReportReporter -->
<testsuite hostname="JAMOCHA64" failures="0" tests="1" name="test.DeleteActivityTag" time="6.550" errors="0" timestamp="2023-12-04T10:31:18 IST" skipped="0">
  <testcase classname="test.DeleteActivityTag" name="deleteActivityTag" time="6.550"/>
  <system-out/>
</testsuite> <!-- test.DeleteActivityTag -->
