<?xml version="1.0" encoding="UTF-8"?>
<!-- Generated by org.testng.reporters.JUnitReportReporter -->
<testsuite hostname="JAMOCHA30" failures="0" tests="2" name="test.AOS.AOSUnknownApplicationAddingtoExistingQualifierText" time="77.510" errors="0" timestamp="2024-04-02T12:55:05 IST" skipped="1">
  <testcase classname="test.AOS.AOSUnknownApplicationAddingtoExistingQualifierText" name="aosUnknownApplicationAddingtoExistingQualifierText" time="49.006">
    <skipped/>
  </testcase> <!-- aosUnknownApplicationAddingtoExistingQualifierText -->
  <system-out/>
  <testcase classname="test.AOS.AOSUnknownApplicationAddingtoExistingQualifierText" name="aosUnknownApplicationAddingtoExistingQualifierText" time="28.504"/>
  <system-out/>
</testsuite> <!-- test.AOS.AOSUnknownApplicationAddingtoExistingQualifierText -->
