<?xml version="1.0" encoding="UTF-8"?>
<!-- Generated by org.testng.reporters.JUnitReportReporter -->
<testsuite hostname="JAMOCHA30" failures="0" tests="1" name="test.AOS.AOSDeleteFunction" time="31.104" errors="0" timestamp="2024-04-02T12:55:05 IST" skipped="0">
  <testcase classname="test.AOS.AOSDeleteFunction" name="aosDeleteFunction" time="31.104"/>
  <system-out/>
</testsuite> <!-- test.AOS.AOSDeleteFunction -->
